# JRE version: Java(TM) SE Runtime Environment (22.0.2+9) (build 22.0.2+9-70)
# Java VM: Java HotSpot(TM) 64-Bit Server VM (22.0.2+9-70, mixed mode, sharing, tiered, compressed oops, compressed class ptrs, g1 gc, windows-amd64)
GC Precious Log:
 CardTable entry size: 512
 Card Set container configuration: InlinePtr #cards 5 size 8 Array Of Cards #cards 12 size 40 Howl #buckets 4 coarsen threshold 1843 Howl Bitmap #cards 512 size 80 coarsen threshold 460 Card regions per heap region 1 cards per card region 2048
 CPUs: 12 total, 12 available
 Memory: 8016M
 Large Page Support: Disabled
 NUMA Support: Disabled
 Compressed Oops: Enabled (32-bit)
 Heap Region Size: 1M
 Heap Min Capacity: 8M
 Heap Initial Capacity: 126M
 Heap Max Capacity: 2006M
 Pre-touch: Disabled
 Parallel Workers: 10
 Concurrent Workers: 3
 Concurrent Refinement Workers: 10
 Periodic GC: Disabled
Heap:
 garbage-first heap   total reserved 2054144K, committed 137216K, used 85504K [0x0000000082a00000, 0x0000000100000000)
  region size 1024K, 6 young (6144K), 6 survivors (6144K)
 Metaspace       used 11624K, committed 11968K, reserved 1114112K
  class space    used 1308K, committed 1472K, reserved 1048576K
GC Heap History (11 events):
Event: 0.953 GC heap before
{Heap before GC invocations=0 (full 0):
 garbage-first heap   total reserved 2054144K, committed 129024K, used 24576K [0x0000000082a00000, 0x0000000100000000)
  region size 1024K, 24 young (24576K), 0 survivors (0K)
 Metaspace       used 8621K, committed 8768K, reserved 1114112K
  class space    used 1003K, committed 1088K, reserved 1048576K
}
Event: 0.964 GC heap after
{Heap after GC invocations=1 (full 0):
 garbage-first heap   total reserved 2054144K, committed 129024K, used 5173K [0x0000000082a00000, 0x0000000100000000)
  region size 1024K, 3 young (3072K), 3 survivors (3072K)
 Metaspace       used 8621K, committed 8768K, reserved 1114112K
  class space    used 1003K, committed 1088K, reserved 1048576K
}
Event: 2.546 GC heap before
{Heap before GC invocations=1 (full 0):
 garbage-first heap   total reserved 2054144K, committed 129024K, used 34869K [0x0000000082a00000, 0x0000000100000000)
  region size 1024K, 32 young (32768K), 3 survivors (3072K)
 Metaspace       used 10985K, committed 11264K, reserved 1114112K
  class space    used 1273K, committed 1408K, reserved 1048576K
}
Event: 2.554 GC heap after
{Heap after GC invocations=2 (full 0):
 garbage-first heap   total reserved 2054144K, committed 129024K, used 9170K [0x0000000082a00000, 0x0000000100000000)
  region size 1024K, 4 young (4096K), 4 survivors (4096K)
 Metaspace       used 10985K, committed 11264K, reserved 1114112K
  class space    used 1273K, committed 1408K, reserved 1048576K
}
Event: 3.089 GC heap before
{Heap before GC invocations=2 (full 0):
 garbage-first heap   total reserved 2054144K, committed 129024K, used 81874K [0x0000000082a00000, 0x0000000100000000)
  region size 1024K, 75 young (76800K), 4 survivors (4096K)
 Metaspace       used 11593K, committed 11904K, reserved 1114112K
  class space    used 1308K, committed 1472K, reserved 1048576K
}
Event: 3.096 GC heap after
{Heap after GC invocations=3 (full 0):
 garbage-first heap   total reserved 2054144K, committed 129024K, used 11107K [0x0000000082a00000, 0x0000000100000000)
  region size 1024K, 6 young (6144K), 6 survivors (6144K)
 Metaspace       used 11593K, committed 11904K, reserved 1114112K
  class space    used 1308K, committed 1472K, reserved 1048576K
}
Event: 3.300 GC heap before
{Heap before GC invocations=3 (full 0):
 garbage-first heap   total reserved 2054144K, committed 129024K, used 83811K [0x0000000082a00000, 0x0000000100000000)
  region size 1024K, 75 young (76800K), 6 survivors (6144K)
 Metaspace       used 11624K, committed 11968K, reserved 1114112K
  class space    used 1308K, committed 1472K, reserved 1048576K
}
Event: 3.324 GC heap after
{Heap after GC invocations=4 (full 0):
 garbage-first heap   total reserved 2054144K, committed 129024K, used 36674K [0x0000000082a00000, 0x0000000100000000)
  region size 1024K, 10 young (10240K), 10 survivors (10240K)
 Metaspace       used 11624K, committed 11968K, reserved 1114112K
  class space    used 1308K, committed 1472K, reserved 1048576K
}
Event: 3.391 GC heap before
{Heap before GC invocations=4 (full 0):
 garbage-first heap   total reserved 2054144K, committed 129024K, used 100162K [0x0000000082a00000, 0x0000000100000000)
  region size 1024K, 67 young (68608K), 10 survivors (10240K)
 Metaspace       used 11624K, committed 11968K, reserved 1114112K
  class space    used 1308K, committed 1472K, reserved 1048576K
}
Event: 3.424 GC heap after
{Heap after GC invocations=5 (full 0):
 garbage-first heap   total reserved 2054144K, committed 137216K, used 68096K [0x0000000082a00000, 0x0000000100000000)
  region size 1024K, 9 young (9216K), 9 survivors (9216K)
 Metaspace       used 11624K, committed 11968K, reserved 1114112K
  class space    used 1308K, committed 1472K, reserved 1048576K
}
Event: 3.482 GC heap before
{Heap before GC invocations=5 (full 0):
 garbage-first heap   total reserved 2054144K, committed 137216K, used 105984K [0x0000000082a00000, 0x0000000100000000)
  region size 1024K, 46 young (47104K), 9 survivors (9216K)
 Metaspace       used 11624K, committed 11968K, reserved 1114112K
  class space    used 1308K, committed 1472K, reserved 1048576K
}

