# JRE version: Java(TM) SE Runtime Environment (22.0.2+9) (build 22.0.2+9-70)
# Java VM: Java HotSpot(TM) 64-Bit Server VM (22.0.2+9-70, mixed mode, sharing, tiered, compressed oops, compressed class ptrs, g1 gc, windows-amd64)
GC Precious Log:
 CardTable entry size: 512
 Card Set container configuration: InlinePtr #cards 5 size 8 Array Of Cards #cards 12 size 40 Howl #buckets 4 coarsen threshold 1843 Howl Bitmap #cards 512 size 80 coarsen threshold 460 Card regions per heap region 1 cards per card region 2048
 CPUs: 12 total, 12 available
 Memory: 8016M
 Large Page Support: Disabled
 NUMA Support: Disabled
 Compressed Oops: Enabled (32-bit)
 Heap Region Size: 1M
 Heap Min Capacity: 8M
 Heap Initial Capacity: 126M
 Heap Max Capacity: 2006M
 Pre-touch: Disabled
 Parallel Workers: 10
 Concurrent Workers: 3
 Concurrent Refinement Workers: 10
 Periodic GC: Disabled
Heap:
 garbage-first heap   total reserved 2054144K, committed 355328K, used 194560K [0x0000000082a00000, 0x0000000100000000)
  region size 1024K, 12 young (12288K), 12 survivors (12288K)
 Metaspace       used 991K, committed 1152K, reserved 1114112K
  class space    used 84K, committed 128K, reserved 1048576K
GC Heap History (17 events):
Event: 0.436 GC heap before
{Heap before GC invocations=0 (full 0):
 garbage-first heap   total reserved 2054144K, committed 129024K, used 24576K [0x0000000082a00000, 0x0000000100000000)
  region size 1024K, 24 young (24576K), 0 survivors (0K)
 Metaspace       used 990K, committed 1152K, reserved 1114112K
  class space    used 84K, committed 128K, reserved 1048576K
}
Event: 0.451 GC heap after
{Heap after GC invocations=1 (full 0):
 garbage-first heap   total reserved 2054144K, committed 129024K, used 8938K [0x0000000082a00000, 0x0000000100000000)
  region size 1024K, 3 young (3072K), 3 survivors (3072K)
 Metaspace       used 990K, committed 1152K, reserved 1114112K
  class space    used 84K, committed 128K, reserved 1048576K
}
Event: 0.488 GC heap before
{Heap before GC invocations=1 (full 0):
 garbage-first heap   total reserved 2054144K, committed 129024K, used 29418K [0x0000000082a00000, 0x0000000100000000)
  region size 1024K, 23 young (23552K), 3 survivors (3072K)
 Metaspace       used 991K, committed 1152K, reserved 1114112K
  class space    used 84K, committed 128K, reserved 1048576K
}
Event: 0.509 GC heap after
{Heap after GC invocations=2 (full 0):
 garbage-first heap   total reserved 2054144K, committed 129024K, used 17920K [0x0000000082a00000, 0x0000000100000000)
  region size 1024K, 3 young (3072K), 3 survivors (3072K)
 Metaspace       used 991K, committed 1152K, reserved 1114112K
  class space    used 84K, committed 128K, reserved 1048576K
}
Event: 0.560 GC heap before
{Heap before GC invocations=2 (full 0):
 garbage-first heap   total reserved 2054144K, committed 129024K, used 51712K [0x0000000082a00000, 0x0000000100000000)
  region size 1024K, 35 young (35840K), 3 survivors (3072K)
 Metaspace       used 991K, committed 1152K, reserved 1114112K
  class space    used 84K, committed 128K, reserved 1048576K
}
Event: 0.577 GC heap after
{Heap after GC invocations=3 (full 0):
 garbage-first heap   total reserved 2054144K, committed 129024K, used 31688K [0x0000000082a00000, 0x0000000100000000)
  region size 1024K, 5 young (5120K), 5 survivors (5120K)
 Metaspace       used 991K, committed 1152K, reserved 1114112K
  class space    used 84K, committed 128K, reserved 1048576K
}
Event: 0.633 GC heap before
{Heap before GC invocations=3 (full 0):
 garbage-first heap   total reserved 2054144K, committed 129024K, used 74696K [0x0000000082a00000, 0x0000000100000000)
  region size 1024K, 45 young (46080K), 5 survivors (5120K)
 Metaspace       used 991K, committed 1152K, reserved 1114112K
  class space    used 84K, committed 128K, reserved 1048576K
}
Event: 0.657 GC heap after
{Heap after GC invocations=4 (full 0):
 garbage-first heap   total reserved 2054144K, committed 129024K, used 50176K [0x0000000082a00000, 0x0000000100000000)
  region size 1024K, 6 young (6144K), 6 survivors (6144K)
 Metaspace       used 991K, committed 1152K, reserved 1114112K
  class space    used 84K, committed 128K, reserved 1048576K
}
Event: 0.707 GC heap before
{Heap before GC invocations=4 (full 0):
 garbage-first heap   total reserved 2054144K, committed 129024K, used 89088K [0x0000000082a00000, 0x0000000100000000)
  region size 1024K, 41 young (41984K), 6 survivors (6144K)
 Metaspace       used 991K, committed 1152K, reserved 1114112K
  class space    used 84K, committed 128K, reserved 1048576K
}
Event: 0.731 GC heap after
{Heap after GC invocations=5 (full 0):
 garbage-first heap   total reserved 2054144K, committed 355328K, used 67584K [0x0000000082a00000, 0x0000000100000000)
  region size 1024K, 6 young (6144K), 6 survivors (6144K)
 Metaspace       used 991K, committed 1152K, reserved 1114112K
  class space    used 84K, committed 128K, reserved 1048576K
}
Event: 0.837 GC heap before
{Heap before GC invocations=5 (full 0):
 garbage-first heap   total reserved 2054144K, committed 355328K, used 144384K [0x0000000082a00000, 0x0000000100000000)
  region size 1024K, 77 young (78848K), 6 survivors (6144K)
 Metaspace       used 991K, committed 1152K, reserved 1114112K
  class space    used 84K, committed 128K, reserved 1048576K
}
Event: 0.859 GC heap after
{Heap after GC invocations=6 (full 0):
 garbage-first heap   total reserved 2054144K, committed 355328K, used 102224K [0x0000000082a00000, 0x0000000100000000)
  region size 1024K, 10 young (10240K), 10 survivors (10240K)
 Metaspace       used 991K, committed 1152K, reserved 1114112K
  class space    used 84K, committed 128K, reserved 1048576K
}
Event: 0.969 GC heap before
{Heap before GC invocations=6 (full 0):
 garbage-first heap   total reserved 2054144K, committed 355328K, used 191312K [0x0000000082a00000, 0x0000000100000000)
  region size 1024K, 92 young (94208K), 10 survivors (10240K)
 Metaspace       used 991K, committed 1152K, reserved 1114112K
  class space    used 84K, committed 128K, reserved 1048576K
}
Event: 0.990 GC heap after
{Heap after GC invocations=7 (full 0):
 garbage-first heap   total reserved 2054144K, committed 355328K, used 141824K [0x0000000082a00000, 0x0000000100000000)
  region size 1024K, 12 young (12288K), 12 survivors (12288K)
 Metaspace       used 991K, committed 1152K, reserved 1114112K
  class space    used 84K, committed 128K, reserved 1048576K
}
Event: 1.119 GC heap before
{Heap before GC invocations=7 (full 0):
 garbage-first heap   total reserved 2054144K, committed 355328K, used 233984K [0x0000000082a00000, 0x0000000100000000)
  region size 1024K, 102 young (104448K), 12 survivors (12288K)
 Metaspace       used 991K, committed 1152K, reserved 1114112K
  class space    used 84K, committed 128K, reserved 1048576K
}
Event: 1.140 GC heap after
{Heap after GC invocations=8 (full 0):
 garbage-first heap   total reserved 2054144K, committed 355328K, used 178688K [0x0000000082a00000, 0x0000000100000000)
  region size 1024K, 13 young (13312K), 13 survivors (13312K)
 Metaspace       used 991K, committed 1152K, reserved 1114112K
  class space    used 84K, committed 128K, reserved 1048576K
}
Event: 1.179 GC heap before
{Heap before GC invocations=8 (full 0):
 garbage-first heap   total reserved 2054144K, committed 355328K, used 213504K [0x0000000082a00000, 0x0000000100000000)
  region size 1024K, 48 young (49152K), 13 survivors (13312K)
 Metaspace       used 991K, committed 1152K, reserved 1114112K
  class space    used 84K, committed 128K, reserved 1048576K
}

